Arguments: 
  C:\Program Files\nodejs\node.exe C:\Users\user\AppData\Roaming\npm\node_modules\yarn\bin\yarn.js dev

PATH: 
  C:\Program Files (x86)\Common Files\Oracle\Java\javapath;C:\Program Files\AdoptOpenJDK\jdk-11.0.3.7-hotspot\bin;C:\ProgramData\Anaconda3;C:\ProgramData\Anaconda3\Library\mingw-w64\bin;C:\ProgramData\Anaconda3\Library\usr\bin;C:\ProgramData\Anaconda3\Library\bin;C:\ProgramData\Anaconda3\Scripts;C:\Windows\system32;C:\Windows;C:\Windows\System32\Wbem;C:\Windows\System32\WindowsPowerShell\v1.0\;C:\Windows\System32\OpenSSH\;C:\Program Files\dotnet\;C:\Program Files\Microsoft SQL Server\130\Tools\Binn\;C:\Program Files\Microsoft SQL Server\Client SDK\ODBC\170\Tools\Binn\;C:\Program Files\Git\cmd;C:\Program Files\Java\jdk1.8.0_181\bin;C:\Program Files (x86)\Microsoft Visual Studio\2019\Community\Common7\IDE;C:\Program Files\Microsoft\Web Platform Installer\;C:\Program Files\Microsoft Service Fabric\bin\Fabric\Fabric.Code;C:\Program Files\Microsoft SDKs\Service Fabric\Tools\ServiceFabricLocalClusterManager;C:\maven\apache-maven-3.6.3\bin;C:\Program Files\nodejs\;C:\Program Files\MySQL\MySQL Shell 8.0\bin\;C:\Users\user\AppData\Local\atom\bin;C:\Users\user\AppData\Local\Programs\Microsoft VS Code\bin;C:\Users\user\AppData\Local\GitHubDesktop\bin;C:\Users\user\AppData\Roaming\npm

Yarn version: 
  1.22.4

Node version: 
  12.16.3

Platform: 
  win32 x64

Trace: 
  SyntaxError: C:\jusic\package.json: Unexpected token / in JSON at position 403
      at JSON.parse (<anonymous>)
      at C:\Users\user\AppData\Roaming\npm\node_modules\yarn\lib\cli.js:1625:59
      at Generator.next (<anonymous>)
      at step (C:\Users\user\AppData\Roaming\npm\node_modules\yarn\lib\cli.js:310:30)
      at C:\Users\user\AppData\Roaming\npm\node_modules\yarn\lib\cli.js:321:13

npm manifest: 
  {
    "name": "react-todo",
    "version": "0.1.0",
    "private": true,
    "dependencies": {
      "@testing-library/jest-dom": "^4.2.4",
      "@testing-library/react": "^9.3.2",
      "@testing-library/user-event": "^7.1.2",
      "react": "^16.13.1",
      "react-dom": "^16.13.1",
      "react-scripts": "3.4.1",
  
      "body-parser": "^1.18.3",
      "express": "^4.17.1",
      "mysql": "^2.18.1"
    },
    "scripts": {
      //"start": "react-scripts start",
      //"build": "react-scripts build",
      //"test": "react-scripts test",
      //"eject": "react-scripts eject"
      "client": "cd react-todo && yarn start",
      "server": "cd jusic_backend && nodemon server.py",
      "dev": "concurrently --kill-others-on-fail \"yarn server\" \"yarn client\""
    },
    "eslintConfig": {
      "extends": "react-app"
    },
    "browserslist": {
      "production": [
        ">0.2%",
        "not dead",
        "not op_mini all"
      ],
      "development": [
        "last 1 chrome version",
        "last 1 firefox version",
        "last 1 safari version"
      ]
    },
  
    "devDependencies": {
      "concurrently": "^4.1.2"
      },
    "proxy": "http://localhost:5000/"
  }

yarn manifest: 
  No manifest

Lockfile: 
  No lockfile
